#
# A fatal error has been detected by the Java Runtime Environment:
#
#  EXCEPTION_ACCESS_VIOLATION (0xc0000005) at pc=0x000000006ed30940, pid=8460, tid=0x0000000000000990
#
# JRE version: Java(TM) SE Runtime Environment (8.0_221-b11) (build 1.8.0_221-b11)
# Java VM: Java HotSpot(TM) 64-Bit Server VM (25.221-b11 mixed mode windows-amd64 compressed oops)
# Problematic frame:
# V  [jvm.dll+0xb0940]
#
# Failed to write core dump. Minidumps are not enabled by default on client versions of Windows
#
# If you would like to submit a bug report, please visit:
#   http://bugreport.java.com/bugreport/crash.jsp
#

---------------  T H R E A D  ---------------

Current thread (0x000000000234f800):  GCTaskThread [stack: 0x0000000012640000,0x0000000012740000] [id=2448]

siginfo: ExceptionCode=0xc0000005, reading address 0x0000000000000008

Registers:
RAX=0x0000000012940000, RBX=0x00000006c3ffb498, RCX=0x00000006c3ffb498, RDX=0x0000000000000000
RSP=0x000000001273f0e8, RBP=0x0000000000000008, RSI=0x0000000000000955, RDI=0x0000000002422920
R8 =0x0000000000000013, R9 =0x0000000000012fda, R10=0x0000000023baa418, R11=0x000000000234c600
R12=0x0000000000000006, R13=0x000000001273f200, R14=0x000000001273f280, R15=0x000000000234f800
RIP=0x000000006ed30940, EFLAGS=0x0000000000010246

Top of Stack: (sp=0x000000001273f0e8)
0x000000001273f0e8:   000000006ed8d1b7 0000000023baa418
0x000000001273f0f8:   000000006ed8f9fa 0000000022423900
0x000000001273f108:   000000001273f280 0000000002422920
0x000000001273f118:   000000006ed93e23 00000006c3ffb498
0x000000001273f128:   000000000234f800 000000001273f280
0x000000001273f138:   000000006edad37f 0000000000000000
0x000000001273f148:   000000006ed44c4b 0000000000000001
0x000000001273f158:   000000000234c600 0000000023baa418
0x000000001273f168:   000000000234f800 000000000000001d
0x000000001273f178:   000000001273fa00 000000001273fa38
0x000000001273f188:   000000006ee90471 000000001273f290
0x000000001273f198:   000000006f480bc0 000000001273f3a0
0x000000001273f1a8:   0000000023baa418 0000000000001981
0x000000001273f1b8:   000000006ed2e984 0000000000000006
0x000000001273f1c8:   000000000000001d 000000001273f3d0
0x000000001273f1d8:   000000000234f800 000000001f1d2c08 

Instructions: (pc=0x000000006ed30940)
0x000000006ed30920:   ec de 1d 00 48 8b 9c 24 d0 00 00 00 48 81 c4 c0
0x000000006ed30930:   00 00 00 5d c3 cc cc cc cc cc cc cc cc cc cc cc
0x000000006ed30940:   44 8b 42 08 4c 8b ca 45 85 c0 7e 0e 41 f6 c0 01
0x000000006ed30950:   75 57 41 c1 f8 03 41 8b c0 c3 79 4d 80 3d de 5f 


Register to memory mapping:

RAX=0x0000000012940000 is an unknown value
RBX=0x00000006c3ffb498 is pointing into object: 0x00000006c3ffb488
java.util.concurrent.locks.ReentrantLock$NonfairSync 
 - klass: 'java/util/concurrent/locks/ReentrantLock$NonfairSync'
RCX=0x00000006c3ffb498 is pointing into object: 0x00000006c3ffb488
java.util.concurrent.locks.ReentrantLock$NonfairSync 
 - klass: 'java/util/concurrent/locks/ReentrantLock$NonfairSync'
RDX=0x0000000000000000 is an unknown value
RSP=0x000000001273f0e8 is an unknown value
RBP=0x0000000000000008 is an unknown value
RSI=0x0000000000000955 is an unknown value
RDI=0x0000000002422920 is an unknown value
R8 =0x0000000000000013 is an unknown value
R9 =0x0000000000012fda is an unknown value
R10={method} {0x0000000023baa420} 'isExistsByVoyageNo' '(Ljava/lang/String;Ljava/lang/String;Ljava/lang/String;Ljava/lang/Integer;)Z' in 'com/sun/proxy/$Proxy126'
R11=0x000000000234c600 is an unknown value
R12=0x0000000000000006 is an unknown value
R13=0x000000001273f200 is an unknown value
R14=0x000000001273f280 is an unknown value
R15=0x000000000234f800 is an unknown value


Stack: [0x0000000012640000,0x0000000012740000],  sp=0x000000001273f0e8,  free space=1020k
Native frames: (J=compiled Java code, j=interpreted, Vv=VM code, C=native code)
V  [jvm.dll+0xb0940]

JavaThread 0x000000002226e800 (nid = 1216) was being processed
Java frames: (J=compiled Java code, j=interpreted, Vv=VM code)
j  com.nexware.aajapan.repositories.custom.impl.TShipmentScheduleRepositoryCustomImpl.isExistsByVoyageNo(Ljava/lang/String;Ljava/lang/String;Ljava/lang/String;Ljava/lang/Integer;)Z+87
v  ~StubRoutines::call_stub
j  sun.reflect.NativeMethodAccessorImpl.invoke0(Ljava/lang/reflect/Method;Ljava/lang/Object;[Ljava/lang/Object;)Ljava/lang/Object;+0
j  sun.reflect.NativeMethodAccessorImpl.invoke(Ljava/lang/Object;[Ljava/lang/Object;)Ljava/lang/Object;+100
j  sun.reflect.DelegatingMethodAccessorImpl.invoke(Ljava/lang/Object;[Ljava/lang/Object;)Ljava/lang/Object;+6
j  java.lang.reflect.Method.invoke(Ljava/lang/Object;[Ljava/lang/Object;)Ljava/lang/Object;+56
j  org.springframework.data.repository.core.support.RepositoryComposition$RepositoryFragments.invoke(Ljava/lang/reflect/Method;[Ljava/lang/Object;)Ljava/lang/Object;+41
j  org.springframework.data.repository.core.support.RepositoryComposition.invoke(Ljava/lang/reflect/Method;[Ljava/lang/Object;)Ljava/lang/Object;+41
j  org.springframework.data.repository.core.support.RepositoryFactorySupport$ImplementationMethodExecutionInterceptor.invoke(Lorg/aopalliance/intercept/MethodInvocation;)Ljava/lang/Object;+20
j  org.springframework.aop.framework.ReflectiveMethodInvocation.proceed()Ljava/lang/Object;+120
j  org.springframework.data.repository.core.support.RepositoryFactorySupport$QueryExecutorMethodInterceptor.doInvoke(Lorg/aopalliance/intercept/MethodInvocation;)Ljava/lang/Object;+43
j  org.springframework.data.repository.core.support.RepositoryFactorySupport$QueryExecutorMethodInterceptor.lambda$invoke$3(Lorg/aopalliance/intercept/MethodInvocation;Ljava/lang/reflect/Method;)Ljava/lang/Object;+6
j  org.springframework.data.repository.core.support.RepositoryFactorySupport$QueryExecutorMethodInterceptor$$Lambda$742.get()Ljava/lang/Object;+12
j  org.springframework.data.repository.util.QueryExecutionConverters$$Lambda$741.apply(Lorg/springframework/data/repository/util/QueryExecutionConverters$ThrowingSupplier;)Ljava/lang/Object;+1
j  org.springframework.data.repository.core.support.RepositoryFactorySupport$QueryExecutorMethodInterceptor.invoke(Lorg/aopalliance/intercept/MethodInvocation;)Ljava/lang/Object;+22
j  org.springframework.aop.framework.ReflectiveMethodInvocation.proceed()Ljava/lang/Object;+120
j  org.springframework.data.projection.DefaultMethodInvokingMethodInterceptor.invoke(Lorg/aopalliance/intercept/MethodInvocation;)Ljava/lang/Object;+15
j  org.springframework.aop.framework.ReflectiveMethodInvocation.proceed()Ljava/lang/Object;+120
j  org.springframework.aop.interceptor.ExposeInvocationInterceptor.invoke(Lorg/aopalliance/intercept/MethodInvocation;)Ljava/lang/Object;+18
j  org.springframework.aop.framework.ReflectiveMethodInvocation.proceed()Ljava/lang/Object;+120
j  org.springframework.data.repository.core.support.SurroundingTransactionDetectorMethodInterceptor.invoke(Lorg/aopalliance/intercept/MethodInvocation;)Ljava/lang/Object;+14
j  org.springframework.aop.framework.ReflectiveMethodInvocation.proceed()Ljava/lang/Object;+120
j  org.springframework.aop.framework.JdkDynamicAopProxy.invoke(Ljava/lang/Object;Ljava/lang/reflect/Method;[Ljava/lang/Object;)Ljava/lang/Object;+386
j  com.sun.proxy.$Proxy126.isExistsByVoyageNo(Ljava/lang/String;Ljava/lang/String;Ljava/lang/String;Ljava/lang/Integer;)Z+29
j  com.nexware.aajapan.controllers.ShippingController.isVoyagenoExists(Ljava/lang/String;Ljava/lang/String;Ljava/lang/String;Ljava/lang/String;)Lorg/springframework/http/ResponseEntity;+21
j  com.nexware.aajapan.controllers.ShippingController$$FastClassBySpringCGLIB$$841a6a66.invoke(ILjava/lang/Object;[Ljava/lang/Object;)Ljava/lang/Object;+450
j  org.springframework.cglib.proxy.MethodProxy.invoke(Ljava/lang/Object;[Ljava/lang/Object;)Ljava/lang/Object;+19
j  org.springframework.aop.framework.CglibAopProxy$DynamicAdvisedInterceptor.intercept(Ljava/lang/Object;Ljava/lang/reflect/Method;[Ljava/lang/Object;Lorg/springframework/cglib/proxy/MethodProxy;)Ljava/lang/Object;+107
j  com.nexware.aajapan.controllers.ShippingController$$EnhancerBySpringCGLIB$$6890a762.isVoyagenoExists(Ljava/lang/String;Ljava/lang/String;Ljava/lang/String;Ljava/lang/String;)Lorg/springframework/http/ResponseEntity;+49
v  ~StubRoutines::call_stub
J 1705  sun.reflect.NativeMethodAccessorImpl.invoke0(Ljava/lang/reflect/Method;Ljava/lang/Object;[Ljava/lang/Object;)Ljava/lang/Object; (0 bytes) @ 0x000000000281abbf [0x000000000281ab40+0x7f]
J 1704 C1 sun.reflect.NativeMethodAccessorImpl.invoke(Ljava/lang/Object;[Ljava/lang/Object;)Ljava/lang/Object; (104 bytes) @ 0x000000000281b39c [0x000000000281afa0+0x3fc]
J 1318 C1 sun.reflect.DelegatingMethodAccessorImpl.invoke(Ljava/lang/Object;[Ljava/lang/Object;)Ljava/lang/Object; (10 bytes) @ 0x0000000002745744 [0x00000000027456e0+0x64]
J 1317 C1 java.lang.reflect.Method.invoke(Ljava/lang/Object;[Ljava/lang/Object;)Ljava/lang/Object; (62 bytes) @ 0x000000000274531c [0x00000000027451e0+0x13c]
j  org.springframework.web.method.support.InvocableHandlerMethod.doInvoke([Ljava/lang/Object;)Ljava/lang/Object;+16
j  org.springframework.web.method.support.InvocableHandlerMethod.invokeForRequest(Lorg/springframework/web/context/request/NativeWebRequest;Lorg/springframework/web/method/support/ModelAndViewContainer;[Ljava/lang/Object;)Ljava/lang/Object;+56
j  org.springframework.web.servlet.mvc.method.annotation.ServletInvocableHandlerMethod.invokeAndHandle(Lorg/springframework/web/context/request/ServletWebRequest;Lorg/springframework/web/method/support/ModelAndViewContainer;[Ljava/lang/Object;)V+4
j  org.springframework.web.servlet.mvc.method.annotation.RequestMappingHandlerAdapter.invokeHandlerMethod(Ljavax/servlet/http/HttpServletRequest;Ljavax/servlet/http/HttpServletResponse;Lorg/springframework/web/method/HandlerMethod;)Lorg/springframework/web/servlet/ModelAndView;+244
j  org.springframework.web.servlet.mvc.method.annotation.RequestMappingHandlerAdapter.handleInternal(Ljavax/servlet/http/HttpServletRequest;Ljavax/servlet/http/HttpServletResponse;Lorg/springframework/web/method/HandlerMethod;)Lorg/springframework/web/servlet/ModelAndView;+81
j  org.springframework.web.servlet.mvc.method.AbstractHandlerMethodAdapter.handle(Ljavax/servlet/http/HttpServletRequest;Ljavax/servlet/http/HttpServletResponse;Ljava/lang/Object;)Lorg/springframework/web/servlet/ModelAndView;+7
j  org.springframework.web.servlet.DispatcherServlet.doDispatch(Ljavax/servlet/http/HttpServletRequest;Ljavax/servlet/http/HttpServletResponse;)V+257
j  org.springframework.web.servlet.DispatcherServlet.doService(Ljavax/servlet/http/HttpServletRequest;Ljavax/servlet/http/HttpServletResponse;)V+212
j  org.springframework.web.servlet.FrameworkServlet.processRequest(Ljavax/servlet/http/HttpServletRequest;Ljavax/servlet/http/HttpServletResponse;)V+71
j  org.springframework.web.servlet.FrameworkServlet.doGet(Ljavax/servlet/http/HttpServletRequest;Ljavax/servlet/http/HttpServletResponse;)V+3
j  javax.servlet.http.HttpServlet.service(Ljavax/servlet/http/HttpServletRequest;Ljavax/servlet/http/HttpServletResponse;)V+35
j  org.springframework.web.servlet.FrameworkServlet.service(Ljavax/servlet/http/HttpServletRequest;Ljavax/servlet/http/HttpServletResponse;)V+33
j  javax.servlet.http.HttpServlet.service(Ljavax/servlet/ServletRequest;Ljavax/servlet/ServletResponse;)V+36
J 8896 C1 org.apache.catalina.core.ApplicationFilterChain.internalDoFilter(Ljavax/servlet/ServletRequest;Ljavax/servlet/ServletResponse;)V (388 bytes) @ 0x000000000364db1c [0x000000000364d8e0+0x23c]
J 8895 C1 org.apache.catalina.core.ApplicationFilterChain.doFilter(Ljavax/servlet/ServletRequest;Ljavax/servlet/ServletResponse;)V (105 bytes) @ 0x000000000364d474 [0x000000000364d420+0x54]
j  org.apache.tomcat.websocket.server.WsFilter.doFilter(Ljavax/servlet/ServletRequest;Ljavax/servlet/ServletResponse;Ljavax/servlet/FilterChain;)V+21
J 8896 C1 org.apache.catalina.core.ApplicationFilterChain.internalDoFilter(Ljavax/servlet/ServletRequest;Ljavax/servlet/ServletResponse;)V (388 bytes) @ 0x000000000364dd24 [0x000000000364d8e0+0x444]
J 8895 C1 org.apache.catalina.core.ApplicationFilterChain.doFilter(Ljavax/servlet/ServletRequest;Ljavax/servlet/ServletResponse;)V (105 bytes) @ 0x000000000364d474 [0x000000000364d420+0x54]
J 9159 C1 org.springframework.security.web.FilterChainProxy$VirtualFilterChain.doFilter(Ljavax/servlet/ServletRequest;Ljavax/servlet/ServletResponse;)V (198 bytes) @ 0x00000000036be9a4 [0x00000000036bde00+0xba4]
j  org.springframework.security.web.access.intercept.FilterSecurityInterceptor.invoke(Lorg/springframework/security/web/FilterInvocation;)V+94
j  org.springframework.security.web.access.intercept.FilterSecurityInterceptor.doFilter(Ljavax/servlet/ServletRequest;Ljavax/servlet/ServletResponse;Ljavax/servlet/FilterChain;)V+15
J 9159 C1 org.springframework.security.web.FilterChainProxy$VirtualFilterChain.doFilter(Ljavax/servlet/ServletRequest;Ljavax/servlet/ServletResponse;)V (198 bytes) @ 0x00000000036be93c [0x00000000036bde00+0xb3c]
j  org.springframework.security.web.access.ExceptionTranslationFilter.doFilter(Ljavax/servlet/ServletRequest;Ljavax/servlet/ServletResponse;Ljavax/servlet/FilterChain;)V+17
J 9159 C1 org.springframework.security.web.FilterChainProxy$VirtualFilterChain.doFilter(Ljavax/servlet/ServletRequest;Ljavax/servlet/ServletResponse;)V (198 bytes) @ 0x00000000036be93c [0x00000000036bde00+0xb3c]
j  org.springframework.security.web.session.SessionManagementFilter.doFilter(Ljavax/servlet/ServletRequest;Ljavax/servlet/ServletResponse;Ljavax/servlet/FilterChain;)V+258
J 9159 C1 org.springframework.security.web.FilterChainProxy$VirtualFilterChain.doFilter(Ljavax/servlet/ServletRequest;Ljavax/servlet/ServletResponse;)V (198 bytes) @ 0x00000000036be93c [0x00000000036bde00+0xb3c]
j  org.springframework.security.web.authentication.AnonymousAuthenticationFilter.doFilter(Ljavax/servlet/ServletRequest;Ljavax/servlet/ServletResponse;Ljavax/servlet/FilterChain;)V+137
J 9159 C1 org.springframework.security.web.FilterChainProxy$VirtualFilterChain.doFilter(Ljavax/servlet/ServletRequest;Ljavax/servlet/ServletResponse;)V (198 bytes) @ 0x00000000036be93c [0x00000000036bde00+0xb3c]
j  org.springframework.security.web.servletapi.SecurityContextHolderAwareRequestFilter.doFilter(Ljavax/servlet/ServletRequest;Ljavax/servlet/ServletResponse;Ljavax/servlet/FilterChain;)V+19
J 9159 C1 org.springframework.security.web.FilterChainProxy$VirtualFilterChain.doFilter(Ljavax/servlet/ServletRequest;Ljavax/servlet/ServletResponse;)V (198 bytes) @ 0x00000000036be93c [0x00000000036bde00+0xb3c]
j  org.springframework.security.web.savedrequest.RequestCacheAwareFilter.doFilter(Ljavax/servlet/ServletRequest;Ljavax/servlet/ServletResponse;Ljavax/servlet/FilterChain;)V+32
J 9159 C1 org.springframework.security.web.FilterChainProxy$VirtualFilterChain.doFilter(Ljavax/servlet/ServletRequest;Ljavax/servlet/ServletResponse;)V (198 bytes) @ 0x00000000036be93c [0x00000000036bde00+0xb3c]
j  org.springframework.security.web.authentication.AbstractAuthenticationProcessingFilter.doFilter(Ljavax/servlet/ServletRequest;Ljavax/servlet/ServletResponse;Ljavax/servlet/FilterChain;)V+28
J 9159 C1 org.springframework.security.web.FilterChainProxy$VirtualFilterChain.doFilter(Ljavax/servlet/ServletRequest;Ljavax/servlet/ServletResponse;)V (198 bytes) @ 0x00000000036be93c [0x00000000036bde00+0xb3c]
j  org.springframework.security.web.authentication.logout.LogoutFilter.doFilter(Ljavax/servlet/ServletRequest;Ljavax/servlet/ServletResponse;Ljavax/servlet/FilterChain;)V+115
J 9159 C1 org.springframework.security.web.FilterChainProxy$VirtualFilterChain.doFilter(Ljavax/servlet/ServletRequest;Ljavax/servlet/ServletResponse;)V (198 bytes) @ 0x00000000036be93c [0x00000000036bde00+0xb3c]
j  org.springframework.security.web.header.HeaderWriterFilter.doFilterInternal(Ljavax/servlet/http/HttpServletRequest;Ljavax/servlet/http/HttpServletResponse;Ljavax/servlet/FilterChain;)V+19
J 9486 C1 org.springframework.web.filter.OncePerRequestFilter.doFilter(Ljavax/servlet/ServletRequest;Ljavax/servlet/ServletResponse;Ljavax/servlet/FilterChain;)V (139 bytes) @ 0x0000000003788e4c [0x0000000003788bc0+0x28c]
J 9159 C1 org.springframework.security.web.FilterChainProxy$VirtualFilterChain.doFilter(Ljavax/servlet/ServletRequest;Ljavax/servlet/ServletResponse;)V (198 bytes) @ 0x00000000036be93c [0x00000000036bde00+0xb3c]
j  org.springframework.security.web.context.SecurityContextPersistenceFilter.doFilter(Ljavax/servlet/ServletRequest;Ljavax/servlet/ServletResponse;Ljavax/servlet/FilterChain;)V+165
J 9159 C1 org.springframework.security.web.FilterChainProxy$VirtualFilterChain.doFilter(Ljavax/servlet/ServletRequest;Ljavax/servlet/ServletResponse;)V (198 bytes) @ 0x00000000036be93c [0x00000000036bde00+0xb3c]
j  org.springframework.security.web.context.request.async.WebAsyncManagerIntegrationFilter.doFilterInternal(Ljavax/servlet/http/HttpServletRequest;Ljavax/servlet/http/HttpServletResponse;Ljavax/servlet/FilterChain;)V+42
J 9486 C1 org.springframework.web.filter.OncePerRequestFilter.doFilter(Ljavax/servlet/ServletRequest;Ljavax/servlet/ServletResponse;Ljavax/servlet/FilterChain;)V (139 bytes) @ 0x0000000003788e4c [0x0000000003788bc0+0x28c]
J 9159 C1 org.springframework.security.web.FilterChainProxy$VirtualFilterChain.doFilter(Ljavax/servlet/ServletRequest;Ljavax/servlet/ServletResponse;)V (198 bytes) @ 0x00000000036be93c [0x00000000036bde00+0xb3c]
j  org.springframework.security.web.FilterChainProxy.doFilterInternal(Ljavax/servlet/ServletRequest;Ljavax/servlet/ServletResponse;Ljavax/servlet/FilterChain;)V+142
j  org.springframework.security.web.FilterChainProxy.doFilter(Ljavax/servlet/ServletRequest;Ljavax/servlet/ServletResponse;Ljavax/servlet/FilterChain;)V+40
j  org.springframework.web.filter.DelegatingFilterProxy.invokeDelegate(Ljavax/servlet/Filter;Ljavax/servlet/ServletRequest;Ljavax/servlet/ServletResponse;Ljavax/servlet/FilterChain;)V+5
j  org.springframework.web.filter.DelegatingFilterProxy.doFilter(Ljavax/servlet/ServletRequest;Ljavax/servlet/ServletResponse;Ljavax/servlet/FilterChain;)V+85
J 8896 C1 org.apache.catalina.core.ApplicationFilterChain.internalDoFilter(Ljavax/servlet/ServletRequest;Ljavax/servlet/ServletResponse;)V (388 bytes) @ 0x000000000364dd24 [0x000000000364d8e0+0x444]
J 8895 C1 org.apache.catalina.core.ApplicationFilterChain.doFilter(Ljavax/servlet/ServletRequest;Ljavax/servlet/ServletResponse;)V (105 bytes) @ 0x000000000364d474 [0x000000000364d420+0x54]
j  org.springframework.web.filter.RequestContextFilter.doFilterInternal(Ljavax/servlet/http/HttpServletRequest;Ljavax/servlet/http/HttpServletResponse;Ljavax/servlet/FilterChain;)V+21
J 9486 C1 org.springframework.web.filter.OncePerRequestFilter.doFilter(Ljavax/servlet/ServletRequest;Ljavax/servlet/ServletResponse;Ljavax/servlet/FilterChain;)V (139 bytes) @ 0x0000000003788e4c [0x0000000003788bc0+0x28c]
J 8896 C1 org.apache.catalina.core.ApplicationFilterChain.internalDoFilter(Ljavax/servlet/ServletRequest;Ljavax/servlet/ServletResponse;)V (388 bytes) @ 0x000000000364dd24 [0x000000000364d8e0+0x444]
J 8895 C1 org.apache.catalina.core.ApplicationFilterChain.doFilter(Ljavax/servlet/ServletRequest;Ljavax/servlet/ServletResponse;)V (105 bytes) @ 0x000000000364d474 [0x000000000364d420+0x54]
j  org.springframework.web.filter.FormContentFilter.doFilterInternal(Ljavax/servlet/http/HttpServletRequest;Ljavax/servlet/http/HttpServletResponse;Ljavax/servlet/FilterChain;)V+38
J 9486 C1 org.springframework.web.filter.OncePerRequestFilter.doFilter(Ljavax/servlet/ServletRequest;Ljavax/servlet/ServletResponse;Ljavax/servlet/FilterChain;)V (139 bytes) @ 0x0000000003788e4c [0x0000000003788bc0+0x28c]
J 8896 C1 org.apache.catalina.core.ApplicationFilterChain.internalDoFilter(Ljavax/servlet/ServletRequest;Ljavax/servlet/ServletResponse;)V (388 bytes) @ 0x000000000364dd24 [0x000000000364d8e0+0x444]
J 8895 C1 org.apache.catalina.core.ApplicationFilterChain.doFilter(Ljavax/servlet/ServletRequest;Ljavax/servlet/ServletResponse;)V (105 bytes) @ 0x000000000364d474 [0x000000000364d420+0x54]
j  org.springframework.web.filter.HiddenHttpMethodFilter.doFilterInternal(Ljavax/servlet/http/HttpServletRequest;Ljavax/servlet/http/HttpServletResponse;Ljavax/servlet/FilterChain;)V+87
J 9486 C1 org.springframework.web.filter.OncePerRequestFilter.doFilter(Ljavax/servlet/ServletRequest;Ljavax/servlet/ServletResponse;Ljavax/servlet/FilterChain;)V (139 bytes) @ 0x0000000003788e4c [0x0000000003788bc0+0x28c]
J 8896 C1 org.apache.catalina.core.ApplicationFilterChain.internalDoFilter(Ljavax/servlet/ServletRequest;Ljavax/servlet/ServletResponse;)V (388 bytes) @ 0x000000000364dd24 [0x000000000364d8e0+0x444]
J 8895 C1 org.apache.catalina.core.ApplicationFilterChain.doFilter(Ljavax/servlet/ServletRequest;Ljavax/servlet/ServletResponse;)V (105 bytes) @ 0x000000000364d474 [0x000000000364d420+0x54]
j  org.springframework.web.filter.CharacterEncodingFilter.doFilterInternal(Ljavax/servlet/http/HttpServletRequest;Ljavax/servlet/http/HttpServletResponse;Ljavax/servlet/FilterChain;)V+53
J 9486 C1 org.springframework.web.filter.OncePerRequestFilter.doFilter(Ljavax/servlet/ServletRequest;Ljavax/servlet/ServletResponse;Ljavax/servlet/FilterChain;)V (139 bytes) @ 0x0000000003788e4c [0x0000000003788bc0+0x28c]
J 8896 C1 org.apache.catalina.core.ApplicationFilterChain.internalDoFilter(Ljavax/servlet/ServletRequest;Ljavax/servlet/ServletResponse;)V (388 bytes) @ 0x000000000364dd24 [0x000000000364d8e0+0x444]
J 8895 C1 org.apache.catalina.core.ApplicationFilterChain.doFilter(Ljavax/servlet/ServletRequest;Ljavax/servlet/ServletResponse;)V (105 bytes) @ 0x000000000364d474 [0x000000000364d420+0x54]
j  org.apache.catalina.core.StandardWrapperValve.invoke(Lorg/apache/catalina/connector/Request;Lorg/apache/catalina/connector/Response;)V+694
j  org.apache.catalina.core.StandardContextValve.invoke(Lorg/apache/catalina/connector/Request;Lorg/apache/catalina/connector/Response;)V+166
j  org.apache.catalina.authenticator.AuthenticatorBase.invoke(Lorg/apache/catalina/connector/Request;Lorg/apache/catalina/connector/Response;)V+260
j  org.apache.catalina.core.StandardHostValve.invoke(Lorg/apache/catalina/connector/Request;Lorg/apache/catalina/connector/Response;)V+114
j  org.apache.catalina.valves.ErrorReportValve.invoke(Lorg/apache/catalina/connector/Request;Lorg/apache/catalina/connector/Response;)V+6
j  org.apache.catalina.core.StandardEngineValve.invoke(Lorg/apache/catalina/connector/Request;Lorg/apache/catalina/connector/Response;)V+45
j  org.apache.catalina.connector.CoyoteAdapter.service(Lorg/apache/coyote/Request;Lorg/apache/coyote/Response;)V+199
j  org.apache.coyote.http11.Http11Processor.service(Lorg/apache/tomcat/util/net/SocketWrapperBase;)Lorg/apache/tomcat/util/net/AbstractEndpoint$Handler$SocketState;+727
j  org.apache.coyote.AbstractProcessorLight.process(Lorg/apache/tomcat/util/net/SocketWrapperBase;Lorg/apache/tomcat/util/net/SocketEvent;)Lorg/apache/tomcat/util/net/AbstractEndpoint$Handler$SocketState;+170
j  org.apache.coyote.AbstractProtocol$ConnectionHandler.process(Lorg/apache/tomcat/util/net/SocketWrapperBase;Lorg/apache/tomcat/util/net/SocketEvent;)Lorg/apache/tomcat/util/net/AbstractEndpoint$Handler$SocketState;+429
j  org.apache.tomcat.util.net.NioEndpoint$SocketProcessor.doRun()V+221
j  org.apache.tomcat.util.net.SocketProcessorBase.run()V+21
j  java.util.concurrent.ThreadPoolExecutor.runWorker(Ljava/util/concurrent/ThreadPoolExecutor$Worker;)V+95
j  java.util.concurrent.ThreadPoolExecutor$Worker.run()V+5
j  org.apache.tomcat.util.threads.TaskThread$WrappingRunnable.run()V+4
j  java.lang.Thread.run()V+11
v  ~StubRoutines::call_stub

---------------  P R O C E S S  ---------------

Java Threads: ( => current thread )
  0x0000000022272800 JavaThread "Thread-36" [_thread_blocked, id=13116, stack(0x000000001ebc0000,0x000000001ecc0000)]
  0x0000000022277000 JavaThread "http-nio-8081-Acceptor" daemon [_thread_blocked, id=13224, stack(0x0000000028a70000,0x0000000028b70000)]
  0x00000000222a5800 JavaThread "Catalina-utility-2" [_thread_blocked, id=8788, stack(0x0000000022fa0000,0x00000000230a0000)]
  0x00000000222a4000 JavaThread "Catalina-utility-1" [_thread_blocked, id=7828, stack(0x0000000020590000,0x0000000020690000)]
  0x0000000022271800 JavaThread "RMI TCP Connection(43)-127.0.0.1" daemon [_thread_in_native, id=7276, stack(0x000000001dec0000,0x000000001dfc0000)]
  0x0000000022271000 JavaThread "RMI TCP Connection(42)-127.0.0.1" daemon [_thread_in_native, id=8560, stack(0x0000000027370000,0x0000000027470000)]
  0x0000000022275800 JavaThread "RMI TCP Connection(44)-127.0.0.1" daemon [_thread_in_native, id=3488, stack(0x0000000027270000,0x0000000027370000)]
  0x0000000022273000 JavaThread "DestroyJavaVM" [_thread_blocked, id=6592, stack(0x0000000002230000,0x0000000002330000)]
  0x000000002226e800 JavaThread "http-nio-8081-exec-3" daemon [_thread_blocked, id=1216, stack(0x00000000249a0000,0x0000000024aa0000)]
  0x000000002012d000 JavaThread "Live Reload Server" daemon [_thread_in_native, id=10024, stack(0x00000000238a0000,0x00000000239a0000)]
  0x000000001e618000 JavaThread "JMX server connection timeout 20" daemon [_thread_blocked, id=5708, stack(0x000000001eec0000,0x000000001efc0000)]
  0x000000001e606000 JavaThread "RMI TCP Connection(45)-127.0.0.1" daemon [_thread_in_native, id=1128, stack(0x000000001edc0000,0x000000001eec0000)]
  0x000000001e603000 JavaThread "RMI Scheduler(0)" daemon [_thread_blocked, id=216, stack(0x000000001ecc0000,0x000000001edc0000)]
  0x000000001e571000 JavaThread "RMI TCP Accept-0" daemon [_thread_in_native, id=7468, stack(0x000000001e9c0000,0x000000001eac0000)]
  0x000000001e47f800 JavaThread "RMI TCP Accept-52129" daemon [_thread_in_native, id=6076, stack(0x000000001e8c0000,0x000000001e9c0000)]
  0x000000001e557800 JavaThread "RMI TCP Accept-0" daemon [_thread_in_native, id=10380, stack(0x000000001e7c0000,0x000000001e8c0000)]
  0x000000001d813800 JavaThread "Service Thread" daemon [_thread_blocked, id=10296, stack(0x000000001ddc0000,0x000000001dec0000)]
  0x000000001d7e4000 JavaThread "C1 CompilerThread2" daemon [_thread_blocked, id=9432, stack(0x000000001dcc0000,0x000000001ddc0000)]
  0x000000001ba6e000 JavaThread "C2 CompilerThread1" daemon [_thread_blocked, id=8316, stack(0x000000001dbc0000,0x000000001dcc0000)]
  0x000000001ba3f800 JavaThread "C2 CompilerThread0" daemon [_thread_blocked, id=8600, stack(0x000000001d6c0000,0x000000001d7c0000)]
  0x000000001ba32000 JavaThread "JDWP Command Reader" daemon [_thread_in_native, id=292, stack(0x000000001d5c0000,0x000000001d6c0000)]
  0x000000001ba30800 JavaThread "JDWP Event Helper Thread" daemon [_thread_blocked, id=4140, stack(0x000000001d4c0000,0x000000001d5c0000)]
  0x000000001ba22800 JavaThread "JDWP Transport Listener: dt_socket" daemon [_thread_blocked, id=11128, stack(0x000000001d3c0000,0x000000001d4c0000)]
  0x000000001ba19800 JavaThread "Attach Listener" daemon [_thread_blocked, id=8804, stack(0x000000001cf80000,0x000000001d080000)]
  0x000000001ba18000 JavaThread "Signal Dispatcher" daemon [_thread_blocked, id=8668, stack(0x000000001ce80000,0x000000001cf80000)]
  0x000000001ba00800 JavaThread "Finalizer" daemon [_thread_blocked, id=4644, stack(0x000000001cc80000,0x000000001cd80000)]
  0x0000000002429000 JavaThread "Reference Handler" daemon [_thread_blocked, id=5152, stack(0x000000001cb80000,0x000000001cc80000)]

Other Threads:
  0x000000001b9d7800 VMThread [stack: 0x000000001ca80000,0x000000001cb80000] [id=9440]
  0x000000001e577000 WatcherThread [stack: 0x000000001eac0000,0x000000001ebc0000] [id=6028]

=>0x000000000234f800 (exited) GCTaskThread [stack: 0x0000000012640000,0x0000000012740000] [id=2448]

VM state:at safepoint (normal execution)

VM Mutex/Monitor currently owned by a thread:  ([mutex/lock_event])
[0x0000000002336e10] Threads_lock - owner thread: 0x000000001b9d7800
[0x0000000002336790] Heap_lock - owner thread: 0x0000000022272800

heap address: 0x00000006c1a00000, size: 4070 MB, Compressed Oops mode: Zero based, Oop shift amount: 3
Narrow klass base: 0x0000000000000000, Narrow klass shift: 3
Compressed class space size: 1073741824 Address: 0x00000007c0000000

Heap:
 PSYoungGen      total 376320K, used 18400K [0x000000076b380000, 0x0000000784a80000, 0x00000007c0000000)
  eden space 338944K, 0% used [0x000000076b380000,0x000000076b380000,0x000000077fe80000)
  from space 37376K, 49% used [0x0000000782600000,0x00000007837f8000,0x0000000784a80000)
  to   space 38912K, 0% used [0x000000077fe80000,0x000000077fe80000,0x0000000782480000)
 ParOldGen       total 264192K, used 76389K [0x00000006c1a00000, 0x00000006d1c00000, 0x000000076b380000)
  object space 264192K, 28% used [0x00000006c1a00000,0x00000006c64996d8,0x00000006d1c00000)
 Metaspace       used 95561K, capacity 100362K, committed 100480K, reserved 1138688K
  class space    used 10452K, capacity 11348K, committed 11392K, reserved 1048576K

Card table byte_map: [0x00000000117f0000,0x0000000011ff0000] byte_map_base: 0x000000000e1e3000

Marking Bits: (ParMarkBitMap*) 0x000000006f4a5ce0
 Begin Bits: [0x0000000012940000, 0x00000000168d8000)
 End Bits:   [0x00000000168d8000, 0x000000001a870000)

Polling page: 0x00000000004f0000

CodeCache: size=245760Kb used=26323Kb max_used=26323Kb free=219436Kb
 bounds [0x0000000002430000, 0x0000000003df0000, 0x0000000011430000]
 total_blobs=13033 nmethods=12445 adapters=505
 compilation: enabled

Compilation events (10 events):
Event: 4023.695 Thread 0x000000001d7e4000 12717  s    1       org.apache.catalina.util.LifecycleBase::setState (8 bytes)
Event: 4023.696 Thread 0x000000001d7e4000 nmethod 12717 0x0000000003de8010 code [0x0000000003de8180, 0x0000000003de8428]
Event: 4023.698 Thread 0x000000001d7e4000 12718   !   1       javax.management.MBeanServerDelegate::sendNotification (47 bytes)
Event: 4023.699 Thread 0x000000001d7e4000 nmethod 12718 0x0000000003de84d0 code [0x0000000003de8640, 0x0000000003de8968]
Event: 4023.700 Thread 0x000000001d7e4000 12719       1       javax.management.Notification::getSequenceNumber (5 bytes)
Event: 4023.700 Thread 0x000000001d7e4000 nmethod 12719 0x0000000003de8a90 code [0x0000000003de8be0, 0x0000000003de8cf0]
Event: 4023.701 Thread 0x000000001d7e4000 12720       1       javax.management.Notification::setSequenceNumber (6 bytes)
Event: 4023.701 Thread 0x000000001d7e4000 nmethod 12720 0x0000000003de8d50 code [0x0000000003de8ea0, 0x0000000003de8fb0]
Event: 4023.702 Thread 0x000000001d7e4000 12721       1       com.sun.jmx.interceptor.DefaultMBeanServerInterceptor$ResourceContext$1::done (1 bytes)
Event: 4023.702 Thread 0x000000001d7e4000 nmethod 12721 0x0000000003de9010 code [0x0000000003de9160, 0x0000000003de9270]

GC Heap History (10 events):
Event: 4006.857 GC heap after
Heap after GC invocations=34 (full 5):
 PSYoungGen      total 329728K, used 18683K [0x000000076b380000, 0x0000000782d00000, 0x00000007c0000000)
  eden space 310784K, 0% used [0x000000076b380000,0x000000076b380000,0x000000077e300000)
  from space 18944K, 98% used [0x000000077e300000,0x000000077f53eef8,0x000000077f580000)
  to   space 37888K, 0% used [0x0000000780800000,0x0000000780800000,0x0000000782d00000)
 ParOldGen       total 264192K, used 72063K [0x00000006c1a00000, 0x00000006d1c00000, 0x000000076b380000)
  object space 264192K, 27% used [0x00000006c1a00000,0x00000006c605fc60,0x00000006d1c00000)
 Metaspace       used 87259K, capacity 91964K, committed 92288K, reserved 1130496K
  class space    used 9889K, capacity 10759K, committed 10880K, reserved 1048576K
}
Event: 4006.857 GC heap before
{Heap before GC invocations=35 (full 6):
 PSYoungGen      total 329728K, used 18683K [0x000000076b380000, 0x0000000782d00000, 0x00000007c0000000)
  eden space 310784K, 0% used [0x000000076b380000,0x000000076b380000,0x000000077e300000)
  from space 18944K, 98% used [0x000000077e300000,0x000000077f53eef8,0x000000077f580000)
  to   space 37888K, 0% used [0x0000000780800000,0x0000000780800000,0x0000000782d00000)
 ParOldGen       total 264192K, used 72063K [0x00000006c1a00000, 0x00000006d1c00000, 0x000000076b380000)
  object space 264192K, 27% used [0x00000006c1a00000,0x00000006c605fc60,0x00000006d1c00000)
 Metaspace       used 87259K, capacity 91964K, committed 92288K, reserved 1130496K
  class space    used 9889K, capacity 10759K, committed 10880K, reserved 1048576K
Event: 4007.985 GC heap after
Heap after GC invocations=35 (full 6):
 PSYoungGen      total 329728K, used 0K [0x000000076b380000, 0x0000000782d00000, 0x00000007c0000000)
  eden space 310784K, 0% used [0x000000076b380000,0x000000076b380000,0x000000077e300000)
  from space 18944K, 0% used [0x000000077e300000,0x000000077e300000,0x000000077f580000)
  to   space 37888K, 0% used [0x0000000780800000,0x0000000780800000,0x0000000782d00000)
 ParOldGen       total 264192K, used 76365K [0x00000006c1a00000, 0x00000006d1c00000, 0x000000076b380000)
  object space 264192K, 28% used [0x00000006c1a00000,0x00000006c64936d8,0x00000006d1c00000)
 Metaspace       used 86905K, capacity 91400K, committed 92288K, reserved 1130496K
  class space    used 9835K, capacity 10660K, committed 10880K, reserved 1048576K
}
Event: 4012.853 GC heap before
{Heap before GC invocations=36 (full 6):
 PSYoungGen      total 329728K, used 310784K [0x000000076b380000, 0x0000000782d00000, 0x00000007c0000000)
  eden space 310784K, 100% used [0x000000076b380000,0x000000077e300000,0x000000077e300000)
  from space 18944K, 0% used [0x000000077e300000,0x000000077e300000,0x000000077f580000)
  to   space 37888K, 0% used [0x0000000780800000,0x0000000780800000,0x0000000782d00000)
 ParOldGen       total 264192K, used 76365K [0x00000006c1a00000, 0x00000006d1c00000, 0x000000076b380000)
  object space 264192K, 28% used [0x00000006c1a00000,0x00000006c64936d8,0x00000006d1c00000)
 Metaspace       used 90350K, capacity 94838K, committed 95616K, reserved 1134592K
  class space    used 10142K, capacity 10993K, committed 11136K, reserved 1048576K
Event: 4012.877 GC heap after
Heap after GC invocations=36 (full 6):
 PSYoungGen      total 349696K, used 15087K [0x000000076b380000, 0x0000000784280000, 0x00000007c0000000)
  eden space 311808K, 0% used [0x000000076b380000,0x000000076b380000,0x000000077e400000)
  from space 37888K, 39% used [0x0000000780800000,0x00000007816bbd38,0x0000000782d00000)
  to   space 36864K, 0% used [0x000000077e400000,0x000000077e400000,0x0000000780800000)
 ParOldGen       total 264192K, used 76373K [0x00000006c1a00000, 0x00000006d1c00000, 0x000000076b380000)
  object space 264192K, 28% used [0x00000006c1a00000,0x00000006c64956d8,0x00000006d1c00000)
 Metaspace       used 90350K, capacity 94838K, committed 95616K, reserved 1134592K
  class space    used 10142K, capacity 10993K, committed 11136K, reserved 1048576K
}
Event: 4015.868 GC heap before
{Heap before GC invocations=37 (full 6):
 PSYoungGen      total 349696K, used 326895K [0x000000076b380000, 0x0000000784280000, 0x00000007c0000000)
  eden space 311808K, 100% used [0x000000076b380000,0x000000077e400000,0x000000077e400000)
  from space 37888K, 39% used [0x0000000780800000,0x00000007816bbd38,0x0000000782d00000)
  to   space 36864K, 0% used [0x000000077e400000,0x000000077e400000,0x0000000780800000)
 ParOldGen       total 264192K, used 76373K [0x00000006c1a00000, 0x00000006d1c00000, 0x000000076b380000)
  object space 264192K, 28% used [0x00000006c1a00000,0x00000006c64956d8,0x00000006d1c00000)
 Metaspace       used 93281K, capacity 97862K, committed 98304K, reserved 1136640K
  class space    used 10314K, capacity 11165K, committed 11264K, reserved 1048576K
Event: 4015.913 GC heap after
Heap after GC invocations=37 (full 6):
 PSYoungGen      total 348672K, used 33367K [0x000000076b380000, 0x0000000784d80000, 0x00000007c0000000)
  eden space 311808K, 0% used [0x000000076b380000,0x000000076b380000,0x000000077e400000)
  from space 36864K, 90% used [0x000000077e400000,0x0000000780495c68,0x0000000780800000)
  to   space 40448K, 0% used [0x0000000782600000,0x0000000782600000,0x0000000784d80000)
 ParOldGen       total 264192K, used 76381K [0x00000006c1a00000, 0x00000006d1c00000, 0x000000076b380000)
  object space 264192K, 28% used [0x00000006c1a00000,0x00000006c64976d8,0x00000006d1c00000)
 Metaspace       used 93281K, capacity 97862K, committed 98304K, reserved 1136640K
  class space    used 10314K, capacity 11165K, committed 11264K, reserved 1048576K
}
Event: 4023.703 GC heap before
{Heap before GC invocations=38 (full 6):
 PSYoungGen      total 348672K, used 239858K [0x000000076b380000, 0x0000000784d80000, 0x00000007c0000000)
  eden space 311808K, 66% used [0x000000076b380000,0x0000000777d26da0,0x000000077e400000)
  from space 36864K, 90% used [0x000000077e400000,0x0000000780495c68,0x0000000780800000)
  to   space 40448K, 0% used [0x0000000782600000,0x0000000782600000,0x0000000784d80000)
 ParOldGen       total 264192K, used 76381K [0x00000006c1a00000, 0x00000006d1c00000, 0x000000076b380000)
  object space 264192K, 28% used [0x00000006c1a00000,0x00000006c64976d8,0x00000006d1c00000)
 Metaspace       used 95561K, capacity 100362K, committed 100480K, reserved 1138688K
  class space    used 10452K, capacity 11348K, committed 11392K, reserved 1048576K
Event: 4023.781 GC heap after
Heap after GC invocations=38 (full 6):
 PSYoungGen      total 376320K, used 18400K [0x000000076b380000, 0x0000000784a80000, 0x00000007c0000000)
  eden space 338944K, 0% used [0x000000076b380000,0x000000076b380000,0x000000077fe80000)
  from space 37376K, 49% used [0x0000000782600000,0x00000007837f8000,0x0000000784a80000)
  to   space 38912K, 0% used [0x000000077fe80000,0x000000077fe80000,0x0000000782480000)
 ParOldGen       total 264192K, used 76389K [0x00000006c1a00000, 0x00000006d1c00000, 0x000000076b380000)
  object space 264192K, 28% used [0x00000006c1a00000,0x00000006c64996d8,0x00000006d1c00000)
 Metaspace       used 95561K, capacity 100362K, committed 100480K, reserved 1138688K
  class space    used 10452K, capacity 11348K, committed 11392K, reserved 1048576K
}
Event: 4023.781 GC heap before
{Heap before GC invocations=39 (full 7):
 PSYoungGen      total 376320K, used 18400K [0x000000076b380000, 0x0000000784a80000, 0x00000007c0000000)
  eden space 338944K, 0% used [0x000000076b380000,0x000000076b380000,0x000000077fe80000)
  from space 37376K, 49% used [0x0000000782600000,0x00000007837f8000,0x0000000784a80000)
  to   space 38912K, 0% used [0x000000077fe80000,0x000000077fe80000,0x0000000782480000)
 ParOldGen       total 264192K, used 76389K [0x00000006c1a00000, 0x00000006d1c00000, 0x000000076b380000)
  object space 264192K, 28% used [0x00000006c1a00000,0x00000006c64996d8,0x00000006d1c00000)
 Metaspace       used 95561K, capacity 100362K, committed 100480K, reserved 1138688K
  class space    used 10452K, capacity 11348K, committed 11392K, reserved 1048576K

Deoptimization events (0 events):
No events

Classes redefined (9 events):
Event: 3945.481 Thread 0x000000001b9d7800 redefined class name=com.nexware.aajapan.controllers.ShippingController, count=1
Event: 3980.329 Thread 0x000000001b9d7800 redefined class name=com.nexware.aajapan.controllers.ShippingController, count=1
Event: 3980.413 Thread 0x000000001b9d7800 redefined class name=com.nexware.aajapan.controllers.ShippingController, count=2
Event: 4004.736 Thread 0x000000001b9d7800 redefined class name=com.nexware.aajapan.controllers.ShippingController, count=2
Event: 4004.801 Thread 0x000000001b9d7800 redefined class name=com.nexware.aajapan.controllers.ShippingController, count=3
Event: 4004.869 Thread 0x000000001b9d7800 redefined class name=com.nexware.aajapan.controllers.ShippingController, count=1
Event: 4008.707 Thread 0x000000001b9d7800 redefined class name=com.nexware.aajapan.controllers.ShippingController, count=3
Event: 4008.782 Thread 0x000000001b9d7800 redefined class name=com.nexware.aajapan.controllers.ShippingController, count=4
Event: 4008.858 Thread 0x000000001b9d7800 redefined class name=com.nexware.aajapan.controllers.ShippingController, count=2

Internal exceptions (10 events):
Event: 4017.333 Thread 0x00000000222a7800 Exception <a 'java/security/PrivilegedActionException'> (0x0000000774a7a3d8) thrown at [C:\re\workspace\8-2-build-windows-amd64-cygwin\jdk8u221\13320\hotspot\src\share\vm\prims\jvm.cpp, line 1502]
Event: 4017.333 Thread 0x00000000222a7800 Exception <a 'java/security/PrivilegedActionException'> (0x0000000774a7a7d0) thrown at [C:\re\workspace\8-2-build-windows-amd64-cygwin\jdk8u221\13320\hotspot\src\share\vm\prims\jvm.cpp, line 1502]
Event: 4017.345 Thread 0x00000000222a7800 Exception <a 'java/lang/ArrayIndexOutOfBoundsException'> (0x0000000774b6b170) thrown at [C:\re\workspace\8-2-build-windows-amd64-cygwin\jdk8u221\13320\hotspot\src\share\vm\runtime\sharedRuntime.cpp, line 605]
Event: 4017.582 Thread 0x00000000222a7800 Exception <a 'java/lang/ArrayIndexOutOfBoundsException'> (0x000000077503b7b0) thrown at [C:\re\workspace\8-2-build-windows-amd64-cygwin\jdk8u221\13320\hotspot\src\share\vm\runtime\sharedRuntime.cpp, line 605]
Event: 4017.584 Thread 0x00000000222a7800 Exception <a 'java/lang/ArrayIndexOutOfBoundsException'> (0x0000000775074d00) thrown at [C:\re\workspace\8-2-build-windows-amd64-cygwin\jdk8u221\13320\hotspot\src\share\vm\runtime\sharedRuntime.cpp, line 605]
Event: 4017.599 Thread 0x00000000222a7800 Exception <a 'java/lang/ArrayIndexOutOfBoundsException'> (0x000000077518ab40) thrown at [C:\re\workspace\8-2-build-windows-amd64-cygwin\jdk8u221\13320\hotspot\src\share\vm\runtime\sharedRuntime.cpp, line 605]
Event: 4017.603 Thread 0x00000000222a7800 Exception <a 'java/lang/ArrayIndexOutOfBoundsException'> (0x00000007751d5668) thrown at [C:\re\workspace\8-2-build-windows-amd64-cygwin\jdk8u221\13320\hotspot\src\share\vm\runtime\sharedRuntime.cpp, line 605]
Event: 4017.604 Thread 0x00000000222a7800 Exception <a 'java/lang/ArrayIndexOutOfBoundsException'> (0x00000007751dc520) thrown at [C:\re\workspace\8-2-build-windows-amd64-cygwin\jdk8u221\13320\hotspot\src\share\vm\runtime\sharedRuntime.cpp, line 605]
Event: 4017.604 Thread 0x00000000222a7800 Exception <a 'java/lang/ArrayIndexOutOfBoundsException'> (0x00000007751ddb40) thrown at [C:\re\workspace\8-2-build-windows-amd64-cygwin\jdk8u221\13320\hotspot\src\share\vm\runtime\sharedRuntime.cpp, line 605]
Event: 4023.697 Thread 0x00000000222a2800 Exception <a 'java/lang/InterruptedException': sleep interrupted> (0x0000000777c79a38) thrown at [C:\re\workspace\8-2-build-windows-amd64-cygwin\jdk8u221\13320\hotspot\src\share\vm\prims\jvm.cpp, line 3336]

Events (10 events):
Event: 4023.695 Executing VM operation: RevokeBias
Event: 4023.695 Executing VM operation: RevokeBias done
Event: 4023.695 Executing VM operation: RevokeBias
Event: 4023.695 Executing VM operation: RevokeBias done
Event: 4023.695 Executing VM operation: RevokeBias
Event: 4023.695 Executing VM operation: RevokeBias done
Event: 4023.697 Executing VM operation: RevokeBias
Event: 4023.697 Executing VM operation: RevokeBias done
Event: 4023.697 Thread 0x00000000222a2800 Thread exited: 0x00000000222a2800
Event: 4023.702 Executing VM operation: ParallelGCSystemGC


Dynamic libraries:
0x00007ff628a00000 - 0x00007ff628a37000 	C:\Program Files\Java\jre1.8.0_221\bin\javaw.exe
0x00007fff5b0a0000 - 0x00007fff5b290000 	C:\Windows\SYSTEM32\ntdll.dll
0x00007fff59850000 - 0x00007fff59902000 	C:\Windows\System32\KERNEL32.DLL
0x00007fff583d0000 - 0x00007fff58673000 	C:\Windows\System32\KERNELBASE.dll
0x00007fff5a770000 - 0x00007fff5a813000 	C:\Windows\System32\ADVAPI32.dll
0x00007fff5afc0000 - 0x00007fff5b05e000 	C:\Windows\System32\msvcrt.dll
0x00007fff5aa30000 - 0x00007fff5aac7000 	C:\Windows\System32\sechost.dll
0x00007fff5a150000 - 0x00007fff5a270000 	C:\Windows\System32\RPCRT4.dll
0x00007fff59ba0000 - 0x00007fff59d34000 	C:\Windows\System32\USER32.dll
0x00007fff58030000 - 0x00007fff58051000 	C:\Windows\System32\win32u.dll
0x00007fff5a670000 - 0x00007fff5a696000 	C:\Windows\System32\GDI32.dll
0x00007fff580e0000 - 0x00007fff58274000 	C:\Windows\System32\gdi32full.dll
0x00007fff58330000 - 0x00007fff583ce000 	C:\Windows\System32\msvcp_win.dll
0x00007fff587d0000 - 0x00007fff588ca000 	C:\Windows\System32\ucrtbase.dll
0x00007fff510a0000 - 0x00007fff51325000 	C:\Windows\WinSxS\amd64_microsoft.windows.common-controls_6595b64144ccf1df_6.0.18362.535_none_e6c3b34713100821\COMCTL32.dll
0x00007fff5a280000 - 0x00007fff5a5b6000 	C:\Windows\System32\combase.dll
0x00007fff58060000 - 0x00007fff580e0000 	C:\Windows\System32\bcryptPrimitives.dll
0x00007fff5a5c0000 - 0x00007fff5a5ee000 	C:\Windows\System32\IMM32.DLL
0x0000000070630000 - 0x0000000070702000 	C:\Program Files\Java\jre1.8.0_221\bin\msvcr100.dll
0x000000006ec80000 - 0x000000006f525000 	C:\Program Files\Java\jre1.8.0_221\bin\server\jvm.dll
0x00007fff59840000 - 0x00007fff59848000 	C:\Windows\System32\PSAPI.DLL
0x00007fff40340000 - 0x00007fff40349000 	C:\Windows\SYSTEM32\WSOCK32.dll
0x00007fff5af50000 - 0x00007fff5afbf000 	C:\Windows\System32\WS2_32.dll
0x00007fff51a10000 - 0x00007fff51a34000 	C:\Windows\SYSTEM32\WINMM.dll
0x00007fff525a0000 - 0x00007fff525aa000 	C:\Windows\SYSTEM32\VERSION.dll
0x00007fff519e0000 - 0x00007fff51a0d000 	C:\Windows\SYSTEM32\WINMMBASE.dll
0x00007fff590d0000 - 0x00007fff5911a000 	C:\Windows\System32\cfgmgr32.dll
0x00007fff53360000 - 0x00007fff5336f000 	C:\Program Files\Java\jre1.8.0_221\bin\verify.dll
0x00007fff53330000 - 0x00007fff53359000 	C:\Program Files\Java\jre1.8.0_221\bin\java.dll
0x00007fff532f0000 - 0x00007fff53325000 	C:\Program Files\Java\jre1.8.0_221\bin\jdwp.dll
0x00007fff532e0000 - 0x00007fff532e8000 	C:\Program Files\Java\jre1.8.0_221\bin\npt.dll
0x00007fff532c0000 - 0x00007fff532d6000 	C:\Program Files\Java\jre1.8.0_221\bin\zip.dll
0x00007fff59150000 - 0x00007fff59835000 	C:\Windows\System32\SHELL32.dll
0x00007fff5a020000 - 0x00007fff5a0c9000 	C:\Windows\System32\shcore.dll
0x00007fff58950000 - 0x00007fff590cf000 	C:\Windows\System32\windows.storage.dll
0x00007fff58010000 - 0x00007fff5802f000 	C:\Windows\System32\profapi.dll
0x00007fff57fc0000 - 0x00007fff5800a000 	C:\Windows\System32\powrprof.dll
0x00007fff57f70000 - 0x00007fff57f80000 	C:\Windows\System32\UMPDC.dll
0x00007fff5a6a0000 - 0x00007fff5a6f2000 	C:\Windows\System32\shlwapi.dll
0x00007fff57f80000 - 0x00007fff57f91000 	C:\Windows\System32\kernel.appcore.dll
0x00007fff58930000 - 0x00007fff58947000 	C:\Windows\System32\cryptsp.dll
0x00007fff532b0000 - 0x00007fff532b9000 	C:\Program Files\Java\jre1.8.0_221\bin\dt_socket.dll
0x00007fff4d200000 - 0x00007fff4d216000 	C:\Windows\system32\napinsp.dll
0x00007fff4d1e0000 - 0x00007fff4d1fa000 	C:\Windows\system32\pnrpnsp.dll
0x00007fff57780000 - 0x00007fff577e7000 	C:\Windows\System32\mswsock.dll
0x00007fff574d0000 - 0x00007fff5759a000 	C:\Windows\SYSTEM32\DNSAPI.dll
0x00007fff5af40000 - 0x00007fff5af48000 	C:\Windows\System32\NSI.dll
0x00007fff57490000 - 0x00007fff574ca000 	C:\Windows\SYSTEM32\IPHLPAPI.DLL
0x00007fff4dca0000 - 0x00007fff4dcae000 	C:\Windows\System32\winrnr.dll
0x00007fff53210000 - 0x00007fff5322c000 	C:\Windows\system32\NLAapi.dll
0x00007fff4d1c0000 - 0x00007fff4d1d5000 	C:\Windows\system32\wshbth.dll
0x00007fff514b0000 - 0x00007fff51527000 	C:\Windows\System32\fwpuclnt.dll
0x00007fff59120000 - 0x00007fff59146000 	C:\Windows\System32\bcrypt.dll
0x00007fff4ffe0000 - 0x00007fff4ffea000 	C:\Windows\System32\rasadhlp.dll
0x00007fff532a0000 - 0x00007fff532ad000 	C:\Program Files\Java\jre1.8.0_221\bin\management.dll
0x00007fff53280000 - 0x00007fff5329a000 	C:\Program Files\Java\jre1.8.0_221\bin\net.dll
0x00007fff4c500000 - 0x00007fff4c6d6000 	C:\Windows\SYSTEM32\urlmon.dll
0x00007fff4c1b0000 - 0x00007fff4c456000 	C:\Windows\SYSTEM32\iertutil.dll
0x00007fff57950000 - 0x00007fff5795c000 	C:\Windows\SYSTEM32\CRYPTBASE.DLL
0x00007fff53140000 - 0x00007fff53152000 	C:\Program Files\Java\jre1.8.0_221\bin\nio.dll
0x00007fff572f0000 - 0x00007fff57323000 	C:\Windows\system32\rsaenh.dll
0x00007fff57e90000 - 0x00007fff57eb5000 	C:\Windows\SYSTEM32\USERENV.dll
0x00007fff51740000 - 0x00007fff51756000 	C:\Windows\SYSTEM32\dhcpcsvc6.DLL
0x00007fff51720000 - 0x00007fff5173c000 	C:\Windows\SYSTEM32\dhcpcsvc.DLL
0x00007fff4da00000 - 0x00007fff4da24000 	C:\Program Files\Java\jre1.8.0_221\bin\sunec.dll
0x00007fff51d00000 - 0x00007fff51ef4000 	C:\Windows\SYSTEM32\dbghelp.dll

VM Arguments:
jvm_args: -agentlib:jdwp=transport=dt_socket,suspend=y,address=localhost:52130 -Dcom.sun.management.jmxremote -Dcom.sun.management.jmxremote.port=52129 -Dcom.sun.management.jmxremote.authenticate=false -Dcom.sun.management.jmxremote.ssl=false -Djava.rmi.server.hostname=localhost -Dspring.jmx.enabled=true -Dspring.liveBeansView.mbeanDomain -Dspring.application.admin.enabled=true -Xverify:none -XX:TieredStopAtLevel=1 -Dfile.encoding=UTF-8 
java_command: com.nexware.aajapan.AaJapanApplication --spring.output.ansi.enabled=always
java_class_path (initial): C:\Users\user1\Documents\aa-japan\target\classes;C:\Users\user1\Downloads\apache-tomcat-9.0.30\lib\annotations-api.jar;C:\Users\user1\Downloads\apache-tomcat-9.0.30\lib\catalina-ant.jar;C:\Users\user1\Downloads\apache-tomcat-9.0.30\lib\catalina-ha.jar;C:\Users\user1\Downloads\apache-tomcat-9.0.30\lib\catalina-ssi.jar;C:\Users\user1\Downloads\apache-tomcat-9.0.30\lib\catalina-storeconfig.jar;C:\Users\user1\Downloads\apache-tomcat-9.0.30\lib\catalina-tribes.jar;C:\Users\user1\Downloads\apache-tomcat-9.0.30\lib\catalina.jar;C:\Users\user1\Downloads\apache-tomcat-9.0.30\lib\ecj-4.13.jar;C:\Users\user1\Downloads\apache-tomcat-9.0.30\lib\el-api.jar;C:\Users\user1\Downloads\apache-tomcat-9.0.30\lib\jasper-el.jar;C:\Users\user1\Downloads\apache-tomcat-9.0.30\lib\jasper.jar;C:\Users\user1\Downloads\apache-tomcat-9.0.30\lib\jaspic-api.jar;C:\Users\user1\Downloads\apache-tomcat-9.0.30\lib\jsp-api.jar;C:\Users\user1\Downloads\apache-tomcat-9.0.30\lib\servlet-api.jar;C:\Users\user1\Downloads\apache-tomcat-9.0.30\lib\tomcat-api.jar;C:\Users\user1\Downloads\apache-tomcat-9.0.30\lib\tomcat-coyote.jar;C:\Users\user1\Downloads\apache-tomcat-9.0.30\lib\tomcat-dbcp.jar;C:\Users\user1\Downloads\apache-tomcat-9.0.30\lib\tomcat-i18n-cs.jar;C:\Users\user1\Downloads\apache-tomcat-9.0.30\lib\tomcat-i18n-de.jar;C:\Users\user1\Downloads\apache-tomcat-9.0.30\lib\tomcat-i18n-es.jar;C:\Users\user1\Downloads\apache-tomcat-9.0.30\lib\tomcat-i18n-fr.jar;C:\Users\user1\Downloads\apache-tomcat-9.0.30\lib\tomcat-i18n-ja.jar;C:\Users\user1\Downloads\apache-tomcat-9.0.30\lib\tomcat-i18n-ko.jar;C:\Users\user1\Downloads\apache-tomcat-9.0.30\lib\tomcat-i18n-pt-BR.jar;C:\Users\user1\Downloads\apache-tomcat-9.0.30\lib\tomcat-i18n-ru.jar;C:\Users\user1\Downloads\apache-tomcat-9.0.30\lib\tomcat-i18n-zh-CN.jar;C:\Users\user1\Downloads\apache-tomcat-9.0.30\lib\tomcat-jdbc.jar;C:\Users\user1\Downloads\apache-tomcat-9.0.30\lib\tomcat-jni.jar;C:\Users\user1\Downloads\apache-tomcat-9.0.30
Launcher Type: SUN_STANDARD

Environment Variables:
PATH=D:/Yogeshwar/AAJ_GLOBAL/sts-bundle/sts-3.9.8.RELEASE/jre/bin/server;D:/Yogeshwar/AAJ_GLOBAL/sts-bundle/sts-3.9.8.RELEASE/jre/bin;D:/Yogeshwar/AAJ_GLOBAL/sts-bundle/sts-3.9.8.RELEASE/jre/lib/amd64;C:\Windows\system32;C:\Windows;C:\Windows\System32\Wbem;C:\Windows\System32\WindowsPowerShell\v1.0\;C:\Windows\System32\OpenSSH\;C:\Program Files\TortoiseGit\bin;C:\Program Files\Git\cmd;C:\Program Files\MySQL\MySQL Shell 8.0\bin\;C:\Users\user1\AppData\Local\Microsoft\WindowsApps;;C:\Program Files\JetBrains\WebStorm 2019.3\bin;;D:\Yogeshwar\AAJ_GLOBAL\sts-bundle\sts-3.9.8.RELEASE;
USERNAME=user1
OS=Windows_NT
PROCESSOR_IDENTIFIER=Intel64 Family 6 Model 61 Stepping 4, GenuineIntel



---------------  S Y S T E M  ---------------

OS: Windows 10.0 , 64 bit Build 18362 (10.0.18362.329)

CPU:total 4 (initial active 4) (2 cores per cpu, 2 threads per core) family 6 model 61 stepping 4, cmov, cx8, fxsr, mmx, sse, sse2, sse3, ssse3, sse4.1, sse4.2, popcnt, avx, avx2, aes, clmul, erms, 3dnowpref, lzcnt, ht, tsc, tscinvbit, bmi1, bmi2, adx

Memory: 4k page, physical 16665688k(8811328k free), swap 19811416k(10814996k free)

vm_info: Java HotSpot(TM) 64-Bit Server VM (25.221-b11) for windows-amd64 JRE (1.8.0_221-b11), built on Jul  4 2019 04:39:29 by "java_re" with MS VC++ 10.0 (VS2010)

time: Tue Jan 07 14:13:49 2020
timezone: India Standard Time
elapsed time: 4024 seconds (0d 1h 7m 4s)

